2021-09-25 15:39:38,202 INFO A.E.base [main] Item added to cart successfully
2021-09-25 15:39:54,366 INFO A.E.base [main] Prices are changing according to the size successfully!
2021-09-25 15:40:07,297 INFO A.E.base [main] Delivery date is shown successfully
2021-09-25 15:40:14,877 INFO A.E.base [main] Dropdown feature working fine!
2021-09-25 15:40:34,425 INFO A.E.base [main] Navigations working fine!
2021-09-25 15:40:41,579 INFO A.E.base [main] Track Order feature working fine
2021-09-25 15:40:48,613 INFO A.E.base [main] Sofa is being displayed successfully!
2021-09-25 15:40:54,855 INFO A.E.base [main] Subscription Successfull
2021-09-25 15:41:02,129 INFO A.E.base [main] Title is correct!
2021-09-25 15:41:16,071 INFO A.E.base [main] Warranty is shown successfully
2021-09-25 22:38:42,261 INFO A.E.base [main] Item added to cart successfully
2021-09-25 22:38:57,862 INFO A.E.base [main] Prices are changing according to the size successfully!
2021-09-25 22:39:14,174 INFO A.E.base [main] Delivery date is shown successfully
2021-09-25 22:39:22,304 INFO A.E.base [main] Dropdown feature working fine!
2021-09-25 22:39:41,895 INFO A.E.base [main] Navigations working fine!
2021-09-25 22:39:49,799 INFO A.E.base [main] Track Order feature working fine
2021-09-25 22:39:57,393 INFO A.E.base [main] Sofa is being displayed successfully!
2021-09-25 22:40:08,893 INFO A.E.base [main] Subscription Successfull
2021-09-25 22:40:16,553 INFO A.E.base [main] Title is correct!
2021-09-25 22:40:32,438 INFO A.E.base [main] Warranty is shown successfully
